<?xml version="1.0" encoding="UTF-8"?>
<!-- Generated by org.testng.reporters.JUnitReportReporter -->
<testsuite hostname="DESKTOP-NHMPP64" failures="0" tests="1" name="apiTest.HttpRequest_GET_UserID" time="1.895" errors="0" timestamp="2024-02-28T17:39:50 EST" skipped="0">
  <testcase classname="apiTest.HttpRequest_GET_UserID" name="getUser_Id" time="1.895"/>
</testsuite> <!-- apiTest.HttpRequest_GET_UserID -->
