<?xml version="1.0" encoding="UTF-8"?>
<!-- Generated by org.testng.reporters.JUnitReportReporter -->
<testsuite hostname="DESKTOP-NHMPP64" failures="0" tests="6" name="userApi.testCases.Get_All_Users" time="0.019" errors="0" timestamp="2024-02-28T23:16:25 EST" skipped="0">
  <testcase classname="userApi.testCases.Get_All_Users" name="checkResponseBody" time="0.001"/>
  <testcase classname="userApi.testCases.Get_All_Users" name="checkStatusCode" time="0.003"/>
  <testcase classname="userApi.testCases.Get_All_Users" name="checkResponseTime" time="0.003"/>
  <testcase classname="userApi.testCases.Get_All_Users" name="checkCookie" time="0.002"/>
  <testcase classname="userApi.testCases.Get_All_Users" name="checkContentType" time="0.008"/>
  <testcase classname="userApi.testCases.Get_All_Users" name="checkStatusLine" time="0.002"/>
</testsuite> <!-- userApi.testCases.Get_All_Users -->
